<?xml version="1.0" encoding="UTF-8"?>
<!-- Generated by org.testng.reporters.JUnitReportReporter -->
<testsuite hostname="Sandy" failures="0" tests="2" name="com.w2a.testcases.AddCustomerTest" time="20.766" errors="0" timestamp="27 Feb 2022 08:32:43 GMT" skipped="0">
  <testcase classname="com.w2a.testcases.AddCustomerTest" name="addCustomer" time="10.350"/>
  <testcase classname="com.w2a.testcases.AddCustomerTest" name="addCustomer" time="10.416"/>
</testsuite> <!-- com.w2a.testcases.AddCustomerTest -->
