<?xml version="1.0" encoding="UTF-8"?>
<!-- Generated by org.testng.reporters.JUnitReportReporter -->
<testsuite hostname="Sandy" failures="0" tests="1" name="com.w2a.testcases.BankManagerLoginTest" time="2.082" errors="0" timestamp="27 Feb 2022 08:32:43 GMT" skipped="0">
  <testcase classname="com.w2a.testcases.BankManagerLoginTest" name="loginAsBankManager" time="2.082"/>
</testsuite> <!-- com.w2a.testcases.BankManagerLoginTest -->
