<?xml version="1.0" encoding="UTF-8"?>
<!-- Generated by org.testng.reporters.JUnitReportReporter -->
<testsuite hostname="Sandy" failures="0" tests="1" name="com.w2a.testcases.LoginTest" time="2.151" errors="0" timestamp="26 Feb 2022 17:23:41 GMT" skipped="0">
  <testcase classname="com.w2a.testcases.LoginTest" name="loginAsBankManager" time="2.151"/>
</testsuite> <!-- com.w2a.testcases.LoginTest -->
