<?xml version="1.0" encoding="UTF-8"?>
<!-- Generated by org.testng.reporters.JUnitReportReporter -->
<testsuite hostname="Sandy" failures="0" tests="1" name="com.w2a.testcases.LoginTest" time="2.077" errors="0" timestamp="26 Feb 2022 19:49:37 GMT" skipped="0">
  <testcase classname="com.w2a.testcases.LoginTest" name="loginAsBankManager" time="2.077"/>
</testsuite> <!-- com.w2a.testcases.LoginTest -->
