<?xml version="1.0" encoding="UTF-8"?>
<!-- Generated by org.testng.reporters.JUnitReportReporter -->
<testsuite hostname="Sandy" failures="0" tests="1" name="com.w2a.testcases.BankManagerLoginTest" time="2.504" errors="0" timestamp="01 Mar 2022 20:14:12 GMT" skipped="0">
  <testcase classname="com.w2a.testcases.BankManagerLoginTest" name="bankManagerLoginTest" time="2.504"/>
</testsuite> <!-- com.w2a.testcases.BankManagerLoginTest -->
