<?xml version="1.0" encoding="UTF-8"?>
<!-- Generated by org.testng.reporters.JUnitReportReporter -->
<testsuite hostname="Sandy" failures="0" tests="1" name="com.w2a.testcases.OpenAccountTest" time="0.008" errors="0" timestamp="01 Mar 2022 15:47:01 GMT" skipped="1">
  <testcase classname="com.w2a.testcases.OpenAccountTest" name="openAccountTest" time="0.008">
    <skipped/>
  </testcase> <!-- openAccountTest -->
</testsuite> <!-- com.w2a.testcases.OpenAccountTest -->
