<?xml version="1.0" encoding="UTF-8"?>
<!-- Generated by org.testng.reporters.JUnitReportReporter -->
<testsuite hostname="Sandy" failures="0" tests="4" name="com.w2a.testcases.AddCustomerTest" time="2.093" errors="0" timestamp="01 Mar 2022 20:14:12 GMT" skipped="0">
  <testcase classname="com.w2a.testcases.AddCustomerTest" name="addCustomerTest" time="0.397"/>
  <testcase classname="com.w2a.testcases.AddCustomerTest" name="addCustomerTest" time="0.974"/>
  <testcase classname="com.w2a.testcases.AddCustomerTest" name="addCustomerTest" time="0.368"/>
  <testcase classname="com.w2a.testcases.AddCustomerTest" name="addCustomerTest" time="0.354"/>
</testsuite> <!-- com.w2a.testcases.AddCustomerTest -->
